{"C:\\Users\\basse\\OneDrive\\Desktop\\unit_tests\\task\\longestIncreasingSubsequence.js": {"path":"C:\\Users\\basse\\OneDrive\\Desktop\\unit_tests\\task\\longestIncreasingSubsequence.js","statementMap":{"0":{"start":{"line":4,"column":18},"end":{"line":38,"column":1}},"1":{"start":{"line":5,"column":4},"end":{"line":5,"column":36}},"2":{"start":{"line":5,"column":27},"end":{"line":5,"column":36}},"3":{"start":{"line":6,"column":4},"end":{"line":6,"column":77}},"4":{"start":{"line":6,"column":28},"end":{"line":6,"column":77}},"5":{"start":{"line":7,"column":4},"end":{"line":9,"column":5}},"6":{"start":{"line":8,"column":8},"end":{"line":8,"column":38}},"7":{"start":{"line":13,"column":15},"end":{"line":13,"column":45}},"8":{"start":{"line":16,"column":17},"end":{"line":16,"column":18}},"9":{"start":{"line":19,"column":4},"end":{"line":34,"column":5}},"10":{"start":{"line":19,"column":17},"end":{"line":19,"column":18}},"11":{"start":{"line":21,"column":8},"end":{"line":33,"column":9}},"12":{"start":{"line":21,"column":21},"end":{"line":21,"column":22}},"13":{"start":{"line":25,"column":12},"end":{"line":28,"column":13}},"14":{"start":{"line":26,"column":16},"end":{"line":26,"column":51}},"15":{"start":{"line":27,"column":16},"end":{"line":27,"column":49}},"16":{"start":{"line":30,"column":12},"end":{"line":32,"column":13}},"17":{"start":{"line":31,"column":16},"end":{"line":31,"column":46}},"18":{"start":{"line":37,"column":4},"end":{"line":37,"column":18}},"19":{"start":{"line":42,"column":0},"end":{"line":42,"column":28}}},"fnMap":{"0":{"name":"(anonymous_0)","decl":{"start":{"line":4,"column":18},"end":{"line":4,"column":19}},"loc":{"start":{"line":4,"column":33},"end":{"line":38,"column":1}},"line":4}},"branchMap":{"0":{"loc":{"start":{"line":5,"column":4},"end":{"line":5,"column":36}},"type":"if","locations":[{"start":{"line":5,"column":4},"end":{"line":5,"column":36}},{"start":{},"end":{}}],"line":5},"1":{"loc":{"start":{"line":6,"column":4},"end":{"line":6,"column":77}},"type":"if","locations":[{"start":{"line":6,"column":4},"end":{"line":6,"column":77}},{"start":{},"end":{}}],"line":6},"2":{"loc":{"start":{"line":7,"column":4},"end":{"line":9,"column":5}},"type":"if","locations":[{"start":{"line":7,"column":4},"end":{"line":9,"column":5}},{"start":{},"end":{}}],"line":7},"3":{"loc":{"start":{"line":25,"column":12},"end":{"line":28,"column":13}},"type":"if","locations":[{"start":{"line":25,"column":12},"end":{"line":28,"column":13}},{"start":{},"end":{}}],"line":25},"4":{"loc":{"start":{"line":30,"column":12},"end":{"line":32,"column":13}},"type":"if","locations":[{"start":{"line":30,"column":12},"end":{"line":32,"column":13}},{"start":{},"end":{}}],"line":30},"5":{"loc":{"start":{"line":30,"column":16},"end":{"line":30,"column":90}},"type":"binary-expr","locations":[{"start":{"line":30,"column":16},"end":{"line":30,"column":32}},{"start":{"line":30,"column":36},"end":{"line":30,"column":51}},{"start":{"line":30,"column":55},"end":{"line":30,"column":71}},{"start":{"line":30,"column":75},"end":{"line":30,"column":90}}],"line":30}},"s":{"0":1,"1":20,"2":1,"3":19,"4":1,"5":18,"6":3,"7":15,"8":15,"9":15,"10":15,"11":8038,"12":8038,"13":7746149,"14":1561343,"15":1561343,"16":7746149,"17":2,"18":13,"19":1},"f":{"0":20},"b":{"0":[1,19],"1":[1,18],"2":[3,15],"3":[1561343,6184806],"4":[2,7746147],"5":[7746149,7746148,7746147,7746147]},"_coverageSchema":"1a1c01bbd47fc00a2c39e90264f33305004495a9","hash":"3c63e018d4c45446a21a3e70693e4e331dda6c18"}
}
