TN:
SF:task\longestIncreasingSubsequence.js
FN:4,(anonymous_0)
FNF:1
FNH:1
FNDA:20,(anonymous_0)
DA:4,1
DA:5,20
DA:6,19
DA:7,18
DA:8,3
DA:13,15
DA:16,15
DA:19,15
DA:21,8038
DA:25,7746149
DA:26,1561343
DA:27,1561343
DA:30,7746149
DA:31,2
DA:37,13
DA:42,1
LF:16
LH:16
BRDA:5,0,0,1
BRDA:5,0,1,19
BRDA:6,1,0,1
BRDA:6,1,1,18
BRDA:7,2,0,3
BRDA:7,2,1,15
BRDA:25,3,0,1561343
BRDA:25,3,1,6184806
BRDA:30,4,0,2
BRDA:30,4,1,7746147
BRDA:30,5,0,7746149
BRDA:30,5,1,7746148
BRDA:30,5,2,7746147
BRDA:30,5,3,7746147
BRF:14
BRH:14
end_of_record
